============================= test session starts =============================
platform win32 -- Python 3.12.7, pytest-8.3.2, pluggy-1.5.0
rootdir: C:\Users\demir\OneDrive\Belgeler\Projects\BIST_ELITE_CORE
configfile: pytest.ini
testpaths: tests
plugins: cov-5.0.0
collected 436 items

tests\test_faz100_core_complete_sentinel.py ...                          [  0%]
tests\test_faz10_dossier_build_smoke.py .                                [  0%]
tests\test_faz10_dossier_filters.py .                                    [  1%]
tests\test_faz10_dossier_idempotent.py .                                 [  1%]
tests\test_faz10_dossier_manifest_and_strict.py .                        [  1%]
tests\test_faz10_manifest_provenance.py .                                [  1%]
tests\test_faz11_eod_run_smoke.py .                                      [  2%]
tests\test_faz11_eod_run_strict_exitcode.py .                            [  2%]
tests\test_faz12_advisor_mentions_events.py .                            [  2%]
tests\test_faz12_dossier_includes_events.py .                            [  2%]
tests\test_faz12_eod_run_events_optional.py .                            [  2%]
tests\test_faz12_eod_run_events_strict.py .                              [  3%]
tests\test_faz12_events_ingest_dedupe.py .                               [  3%]
tests\test_faz12_events_ingest_strict_and_manifest.py .                  [  3%]
tests\test_faz12_events_pull_kap_html_parser.py .                        [  3%]
tests\test_faz12_events_pull_kap_html_strict_exitcode.py .               [  4%]
tests\test_faz12_events_pull_offline_deterministic.py .                  [  4%]
tests\test_faz12_events_pull_strict_exitcode.py .                        [  4%]
tests\test_faz12_eventstore_roundtrip.py .                               [  4%]
tests\test_faz13_eod_run_instruments_optional.py .                       [  5%]
tests\test_faz13_instruments_ingest_strict_exitcode.py .                 [  5%]
tests\test_faz13_instruments_pull_offline_deterministic.py .             [  5%]
tests\test_faz14_apply_close_adjustments.py .                            [  5%]
tests\test_faz14_ca_ingest_strict_exitcode.py .                          [  5%]
tests\test_faz14_ca_pull_offline_deterministic.py .                      [  6%]
tests\test_faz14_eod_run_ca_optional.py .                                [  6%]
tests\test_faz14_eod_run_universe_optional.py .                          [  6%]
tests\test_faz14_instrument_timeline_basic.py .                          [  6%]
tests\test_faz14_instrument_timeline_cycle_failclosed.py .               [  7%]
tests\test_faz15_calendar_json_and_gating.py .                           [  7%]
tests\test_faz16_batch_audit_detects_missing_pipeline_manifest.py .      [  7%]
tests\test_faz16_batch_console_summary_utf8.py .                         [  7%]
tests\test_faz16_batch_dry_run_plans_days.py .                           [  8%]
tests\test_faz16_batch_max_failures_stops_early.py .                     [  8%]
tests\test_faz16_batch_rerun_failed_then_ok.py .                         [  8%]
tests\test_faz16_batch_resume_skips_ok_days.py .                         [  8%]
tests\test_faz16_eod_batch_calendar_skip_and_strict.py .                 [  8%]
tests\test_faz17_audit_detects_snapshot_hash_mismatch.py .               [  9%]
tests\test_faz17_dossier_includes_snapshot_hash.py .                     [  9%]
tests\test_faz17_pipeline_manifest_includes_snapshot_hash.py .           [  9%]
tests\test_faz17_snapshot_hash_manifest_written.py .                     [  9%]
tests\test_faz18_batch_deep_audit_hash_mismatch.py .                     [ 10%]
tests\test_faz18_batch_deep_audit_missing_artifact.py .                  [ 10%]
tests\test_faz19_policy_cli_precedence.py .                              [ 10%]
tests\test_faz19_policy_provenance_written.py .                          [ 10%]
tests\test_faz19_policy_strict_failclosed_on_invalid.py .                [ 11%]
tests\test_faz19_rules_explain_deterministic.py .                        [ 11%]
tests\test_faz19_rules_manifest_provenance.py .                          [ 11%]
tests\test_faz19_rules_validate_failclosed.py .                          [ 11%]
tests\test_faz20_eod_orders_deterministic.py .                           [ 11%]
tests\test_faz20_eod_orders_emits_artifact_and_manifest.py .             [ 12%]
tests\test_faz20_eod_orders_failclosed_when_blocked.py .                 [ 12%]
tests\test_faz21_replay_deterministic.py .                               [ 12%]
tests\test_faz21_replay_strict_failclosed_on_day_error.py .              [ 12%]
tests\test_faz21_replay_writes_manifest_and_metrics.py .                 [ 13%]
tests\test_faz22_orders_intent_artifact_written_no_actions.py .          [ 13%]
tests\test_faz22_replay_scorecard_written_and_deterministic.py .         [ 13%]
tests\test_faz22_strategy_registry_resolve.py .                          [ 13%]
tests\test_faz22_topn_strategy_action_count.py .                         [ 13%]
tests\test_faz24_core_golden_path_fences.py .                            [ 14%]
tests\test_faz24_info_json_output.py .                                   [ 14%]
tests\test_faz24_policy_example_exists_and_validates.py .                [ 14%]
tests\test_faz25_rules_explain_exit_codes.py ..                          [ 15%]
tests\test_faz26_repo_eol_contracts.py .                                 [ 15%]
tests\test_faz27_cli_data_commands.py .                                  [ 15%]
tests\test_faz27_cli_data_load.py .                                      [ 15%]
tests\test_faz27_registry_persistence.py .                               [ 16%]
tests\test_faz28_eod_raw_cache_manifest.py .                             [ 16%]
tests\test_faz28_kap_raw_cache_and_manifest.py ...                       [ 16%]
tests\test_faz29_pipeline_manifest_locations.py .                        [ 17%]
tests\test_faz2_cli.py ..                                                [ 17%]
tests\test_faz2_localcsv_provider.py .                                   [ 17%]
tests\test_faz2_plan_cli.py .                                            [ 18%]
tests\test_faz30_registry_cli.py ......                                  [ 19%]
tests\test_faz31_eod_snapshot_builder.py .....                           [ 20%]
tests\test_faz32_instruments_timeline_alias.py ....                      [ 21%]
tests\test_faz33_corporate_actions_adjuster.py ......                    [ 22%]
tests\test_faz34_feature_registry.py ......                              [ 24%]
tests\test_faz35_strategy_orders_intent.py ..                            [ 24%]
tests\test_faz36_risk_engine.py .....                                    [ 25%]
tests\test_faz37_broker_paper.py ...                                     [ 26%]
tests\test_faz38_backtest_harness.py ...                                 [ 27%]
tests\test_faz39_walk_forward.py ....                                    [ 28%]
tests\test_faz3_cli_ask_legacy_snapshot.py .                             [ 28%]
tests\test_faz3_cli_data_commands.py .                                   [ 28%]
tests\test_faz3_data_core_ingest_local_csv.py ...                        [ 29%]
tests\test_faz3_marketdata_capabilities.py .                             [ 29%]
tests\test_faz3_registry_persist.py ..                                   [ 30%]
tests\test_faz3_snapshot_schema_validation.py .                          [ 30%]
tests\test_faz40_execution_fail_closed.py ...                            [ 30%]
tests\test_faz42_instrument_identity_aliases.py ..                       [ 31%]
tests\test_faz43_corporate_actions_canonical.py ...                      [ 32%]
tests\test_faz44_price_adjustments.py ..                                 [ 32%]
tests\test_faz45_rulespack_tick_band.py .....                            [ 33%]
tests\test_faz46_order_rules_gate.py ...                                 [ 34%]
tests\test_faz47_restrictions_gate.py ....                               [ 35%]
tests\test_faz48_portfolio_ledger.py .....                               [ 36%]
tests\test_faz49_live_execution_fail_closed.py ..                        [ 36%]
tests\test_faz4_orders_cli.py ....                                       [ 37%]
tests\test_faz50_manifest_audit_grade.py ..                              [ 38%]
tests\test_faz51_research_cache.py ...                                   [ 38%]
tests\test_faz52_manifest_utc_timestamps.py .                            [ 39%]
tests\test_faz53_advisory_deterministic.py ...                           [ 39%]
tests\test_faz54_orders_strategy_registry.py .....                       [ 41%]
tests\test_faz55_portfolio_accounting.py ........                        [ 42%]
tests\test_faz56_audit_ledger_paths.py ......                            [ 44%]
tests\test_faz57_bist_rule_gates_data_driven.py .....                    [ 45%]
tests\test_faz58_market_data_provider.py ........                        [ 47%]
tests\test_faz59_knowledge_base_retrieval.py ........                    [ 49%]
tests\test_faz60_dossier_deterministic.py .....                          [ 50%]
tests\test_faz61_daily_orchestrator_idempotent.py .....                  [ 51%]
tests\test_faz62_model_plugin_interface.py ........                      [ 53%]
tests\test_faz63_self_improvement_runner.py .......                      [ 54%]
tests\test_faz64_observability_healthcheck.py .......                    [ 56%]
tests\test_faz65_target_compat_golden_path.py .                          [ 56%]
tests\test_faz66_config_fail_closed.py ............                      [ 59%]
tests\test_faz67_http_cache_offline.py ..........                        [ 61%]
tests\test_faz68_kap_connector_normalize.py .........                    [ 63%]
tests\test_faz69_instrument_master_refresh.py ........                   [ 65%]
tests\test_faz6_scored_plan.py ..                                        [ 66%]
tests\test_faz70_corp_actions_ingest.py .....                            [ 67%]
tests\test_faz71_live_preflight_v2.py ..F

================================== FAILURES ===================================
_______________ test_faz71_no_manifest_writes_execution_result ________________

tmp_path = WindowsPath('C:/Users/demir/AppData/Local/Temp/pytest-of-demir/pytest-603/test_faz71_no_manifest_writes_0')

    def test_faz71_no_manifest_writes_execution_result(tmp_path: Path) -> None:
        """Live + valid config + broker=paper + BIST fixtures + no pipeline manifest -> execution_result.json written, exit 2."""
        bist_dir = _bist_fixture_dir(tmp_path)
        valid_config = tmp_path / "core.json"
        valid_config.write_text(
            json.dumps({
                "timezone": "Europe/Istanbul",
                "default_spread_bps_max": 80,
                "default_adv_tl_min": 30000000,
                "default_auction_ratio_max": 0.15,
                "default_price_band_pct": 20.0,
                "risk_per_trade": 0.015,
            }),
            encoding="utf-8",
        )
        outdir = tmp_path / "out"
        outdir.mkdir(parents=True, exist_ok=True)
        r = _run_eod_execute_live(
            "2099-01-17", outdir,
            config_path=str(valid_config), broker="paper",
            bist_rulespack_dir=bist_dir, bist_restrictions_file=bist_dir / "restrictions.json",
        )
        assert r.returncode == 2
        result_path = outdir / "2099-01-17" / "execution_result.json"
        assert result_path.is_file()
        data = json.loads(result_path.read_text(encoding="utf-8"))
        assert data.get("ok") is False and data.get("blocked") is True
>       assert "no_manifest" in (data.get("errors") or [])
E       AssertionError: assert 'no_manifest' in (([{'code': 'no_manifest'}]))
E        +  where [{'code': 'no_manifest'}] = <built-in method get of dict object at 0x000001944A1EC180>('errors')
E        +    where <built-in method get of dict object at 0x000001944A1EC180> = {'blocked': True, 'day': '2099-01-17', 'errors': [{'code': 'no_manifest'}], 'execution': 'live', ...}.get

tests\test_faz71_live_preflight_v2.py:119: AssertionError
=========================== short test summary info ===========================
FAILED tests/test_faz71_live_preflight_v2.py::test_faz71_no_manifest_writes_execution_result
!!!!!!!!!!!!!!!!!!!!!!!!!! stopping after 1 failures !!!!!!!!!!!!!!!!!!!!!!!!!!
================== 1 failed, 295 passed in 260.29s (0:04:20) ==================
